C:\Program Files (x86)\Microsoft Visual Studio\2017\Community\Common7\IDE\VC\VCTargets\Microsoft.CppBuild.targets(377,5): warning MSB8004: Output Directory does not end with a trailing slash.  This build instance will add the slash as it is required to allow proper evaluation of the Output Directory.
  CheckRouteFound.c
  DSR.c
c:\users\tetcos-pc\desktop\sinkhole_attack_in_leach_v11.0\32bit\code\dsr\dsr.c(120): warning C4013: 'fn_NetSim_DSR_MaliciousNode' undefined; assuming extern returning int
c:\users\tetcos-pc\desktop\sinkhole_attack_in_leach_v11.0\32bit\code\dsr\dsr.c(122): warning C4013: 'fn_NetSim_DSR_MaliciousProcessSourceRouteOption' undefined; assuming extern returning int
  LEACH.c
c:\users\tetcos-pc\desktop\sinkhole_attack_in_leach_v11.0\32bit\code\dsr\leach.c(43): warning C4010: single-line comment contains line-continuation character
c:\users\tetcos-pc\desktop\sinkhole_attack_in_leach_v11.0\32bit\code\dsr\leach.c(44): warning C4010: single-line comment contains line-continuation character
c:\users\tetcos-pc\desktop\sinkhole_attack_in_leach_v11.0\32bit\code\dsr\leach.c(45): warning C4010: single-line comment contains line-continuation character
c:\users\tetcos-pc\desktop\sinkhole_attack_in_leach_v11.0\32bit\code\dsr\leach.c(93): warning C4013: 'fn_NetSim_LEACH_AssignClusterHead' undefined; assuming extern returning int
c:\users\tetcos-pc\desktop\sinkhole_attack_in_leach_v11.0\32bit\code\dsr\leach.c(120): warning C4013: 'fn_NetSim_LEACH_IdentifyCluster' undefined; assuming extern returning int
c:\users\tetcos-pc\desktop\sinkhole_attack_in_leach_v11.0\32bit\code\dsr\leach.c(76): warning C4101: 'nInterface': unreferenced local variable
c:\users\tetcos-pc\desktop\sinkhole_attack_in_leach_v11.0\32bit\code\dsr\leach.c(161): warning C4013: 'fn_NetSim_DSR_MaliciousNode' undefined; assuming extern returning int
  MaintBuffer.c
  Malicious.c
  Network_Layer_Ack.c
  PacketProcessing.c
c:\users\tetcos-pc\desktop\sinkhole_attack_in_leach_v11.0\32bit\code\dsr\packetprocessing.c(36): warning C4013: 'fn_NetSim_LEACH_GetNextHop' undefined; assuming extern returning int
  RouteCache.c
  RouteError.c
  RouteReply.c
  RouteRequest.c
  SendBuffer.c
  SourceRoute.c
c:\users\tetcos-pc\desktop\sinkhole_attack_in_leach_v11.0\32bit\code\dsr\sourceroute.c(64): warning C4013: 'fn_NetSim_LEACH_CheckDestination' undefined; assuming extern returning int
  Generating Code...
c:\users\tetcos-pc\desktop\sinkhole_attack_in_leach_v11.0\32bit\code\dsr\leach.c(189): warning C4715: 'fn_NetSim_LEACH_IdentifyCluster': not all control paths return a value
C:\Program Files (x86)\Microsoft Visual Studio\2017\Community\Common7\IDE\VC\VCTargets\Microsoft.CppBuild.targets(1202,5): warning MSB8012: TargetPath(C:\Users\TETCOS-PC\Desktop\SinkHole_Attack_in_LEACH_v11.0\32bit\Code\DSR\..\Dll\DSR.dll) does not match the Linker's OutputFile property value (C:\Users\TETCOS-PC\Desktop\SinkHole_Attack_in_LEACH_v11.0\32bit\Code\Dll\libDSR.dll). This may cause your project to build incorrectly. To correct this, please make sure that $(OutDir), $(TargetName) and $(TargetExt) property values match the value specified in %(Link.OutputFile).
C:\Program Files (x86)\Microsoft Visual Studio\2017\Community\Common7\IDE\VC\VCTargets\Microsoft.CppBuild.targets(1204,5): warning MSB8012: TargetName(DSR) does not match the Linker's OutputFile property value (libDSR). This may cause your project to build incorrectly. To correct this, please make sure that $(OutDir), $(TargetName) and $(TargetExt) property values match the value specified in %(Link.OutputFile).
CheckRouteFound.obj : warning LNK4075: ignoring '/EDITANDCONTINUE' due to '/INCREMENTAL:NO' specification
  List.lib(List.obj) : MSIL .netmodule or module compiled with /GL found; restarting link with /LTCG; add /LTCG to the link command line to improve linker performance
CheckRouteFound.obj : warning LNK4075: ignoring '/EDITANDCONTINUE' due to '/INCREMENTAL:NO' specification
     Creating library ..\Dll\DSR.lib and object ..\Dll\DSR.exp
LINK : warning LNK4098: defaultlib 'MSVCRT' conflicts with use of other libs; use /NODEFAULTLIB:library
  Generating code
  Finished generating code
List.lib(List.obj) : warning LNK4099: PDB 'List.pdb' was not found with 'List.lib(List.obj)' or at 'C:\Users\TETCOS-PC\Desktop\SinkHole_Attack_in_LEACH_v11.0\32bit\Code\Dll\List.pdb'; linking object as if no debug info
DSR.lib(DSR.obj) : warning LNK4099: PDB 'DSRLib.pdb' was not found with 'DSR.lib(DSR.obj)' or at 'C:\Users\TETCOS-PC\Desktop\SinkHole_Attack_in_LEACH_v11.0\32bit\Code\Dll\DSRLib.pdb'; linking object as if no debug info
DSR.lib(LinkLayerAck.obj) : warning LNK4099: PDB 'DSRLib.pdb' was not found with 'DSR.lib(LinkLayerAck.obj)' or at 'C:\Users\TETCOS-PC\Desktop\SinkHole_Attack_in_LEACH_v11.0\32bit\Code\Dll\DSRLib.pdb'; linking object as if no debug info
  DSR.vcxproj -> C:\Users\TETCOS-PC\Desktop\SinkHole_Attack_in_LEACH_v11.0\32bit\Code\DSR\..\Dll\DSR.dll
