c:\users\pc5\downloads\leach_v11.0-master\leach_v11.0-master\64bit\code\dsr\x64\debug\vc141.pdb
c:\users\pc5\downloads\leach_v11.0-master\leach_v11.0-master\64bit\code\dsr\x64\debug\vc141.idb
c:\users\pc5\downloads\leach_v11.0-master\leach_v11.0-master\64bit\code\dsr\x64\debug\sourceroute.obj
c:\users\pc5\downloads\leach_v11.0-master\leach_v11.0-master\64bit\code\dsr\x64\debug\sendbuffer.obj
c:\users\pc5\downloads\leach_v11.0-master\leach_v11.0-master\64bit\code\dsr\x64\debug\routerequest.obj
c:\users\pc5\downloads\leach_v11.0-master\leach_v11.0-master\64bit\code\dsr\x64\debug\routereply.obj
c:\users\pc5\downloads\leach_v11.0-master\leach_v11.0-master\64bit\code\dsr\x64\debug\routeerror.obj
c:\users\pc5\downloads\leach_v11.0-master\leach_v11.0-master\64bit\code\dsr\x64\debug\routecache.obj
c:\users\pc5\downloads\leach_v11.0-master\leach_v11.0-master\64bit\code\dsr\x64\debug\packetprocessing.obj
c:\users\pc5\downloads\leach_v11.0-master\leach_v11.0-master\64bit\code\dsr\x64\debug\network_layer_ack.obj
c:\users\pc5\downloads\leach_v11.0-master\leach_v11.0-master\64bit\code\dsr\x64\debug\malicious.obj
c:\users\pc5\downloads\leach_v11.0-master\leach_v11.0-master\64bit\code\dsr\x64\debug\maintbuffer.obj
c:\users\pc5\downloads\leach_v11.0-master\leach_v11.0-master\64bit\code\dsr\x64\debug\leach.obj
c:\users\pc5\downloads\leach_v11.0-master\leach_v11.0-master\64bit\code\dsr\x64\debug\dsr.obj
c:\users\pc5\downloads\leach_v11.0-master\leach_v11.0-master\64bit\code\dsr\x64\debug\checkroutefound.obj
c:\users\pc5\downloads\leach_v11.0-master\leach_v11.0-master\64bit\code\dll\dsr.lib
c:\users\pc5\downloads\leach_v11.0-master\leach_v11.0-master\64bit\code\dll\dsr.exp
c:\users\pc5\downloads\leach_v11.0-master\leach_v11.0-master\64bit\code\dll\libdsr.dll
c:\users\pc5\downloads\leach_v11.0-master\leach_v11.0-master\64bit\code\dll\dsr.pdb
c:\users\pc5\downloads\leach_v11.0-master\leach_v11.0-master\64bit\code\dsr\x64\debug\dsr.tlog\cl.command.1.tlog
c:\users\pc5\downloads\leach_v11.0-master\leach_v11.0-master\64bit\code\dsr\x64\debug\dsr.tlog\cl.read.1.tlog
c:\users\pc5\downloads\leach_v11.0-master\leach_v11.0-master\64bit\code\dsr\x64\debug\dsr.tlog\cl.write.1.tlog
c:\users\pc5\downloads\leach_v11.0-master\leach_v11.0-master\64bit\code\dsr\x64\debug\dsr.tlog\dsr.write.1u.tlog
c:\users\pc5\downloads\leach_v11.0-master\leach_v11.0-master\64bit\code\dsr\x64\debug\dsr.tlog\link.command.1.tlog
c:\users\pc5\downloads\leach_v11.0-master\leach_v11.0-master\64bit\code\dsr\x64\debug\dsr.tlog\link.read.1.tlog
c:\users\pc5\downloads\leach_v11.0-master\leach_v11.0-master\64bit\code\dsr\x64\debug\dsr.tlog\link.write.1.tlog
